<?xml version="1.0" encoding="UTF-8"?>
<!-- Generated by org.testng.reporters.JUnitReportReporter -->
<testsuite hostname="DM-DT16" failures="0" tests="3" name="eidsa.EidsaTest.Test.EidsaCrudTest" time="100.802" errors="0" timestamp="2023-02-21T17:48:59 IST" skipped="0">
  <testcase classname="eidsa.EidsaTest.Test.EidsaCrudTest" name="subjectCrud" time="33.952"/>
  <system-out/>
  <testcase classname="eidsa.EidsaTest.Test.EidsaCrudTest" name="siteCrud" time="33.844"/>
  <system-out/>
  <testcase classname="eidsa.EidsaTest.Test.EidsaCrudTest" name="studyCrud" time="33.006"/>
  <system-out/>
</testsuite> <!-- eidsa.EidsaTest.Test.EidsaCrudTest -->
