<?xml version="1.0" encoding="UTF-8"?>
<!-- Generated by org.testng.reporters.JUnitReportReporter -->
<testsuite hostname="DM-DT16" failures="0" tests="1" name="eidsa.EidsaTest.Test.EidsaCrudTest" time="35.523" errors="0" timestamp="2023-02-23T10:18:34 IST" skipped="0">
  <testcase classname="eidsa.EidsaTest.Test.EidsaCrudTest" name="subjectCrud" time="35.523"/>
  <system-out/>
</testsuite> <!-- eidsa.EidsaTest.Test.EidsaCrudTest -->
