<?xml version="1.0" encoding="UTF-8"?>
<!-- Generated by org.testng.reporters.JUnitReportReporter -->
<testsuite hostname="DM-DT16" failures="0" tests="4" name="eidsa.EidsaTest.Test.SearchFunctionTest" time="141.764" errors="0" timestamp="2023-03-08T11:07:12 IST" skipped="0">
  <testcase classname="eidsa.EidsaTest.Test.SearchFunctionTest" name="siteSearch" time="30.175"/>
  <system-out/>
  <testcase classname="eidsa.EidsaTest.Test.SearchFunctionTest" name="studySearch" time="40.090"/>
  <system-out/>
  <testcase classname="eidsa.EidsaTest.Test.SearchFunctionTest" name="subjectSearch" time="30.595"/>
  <system-out/>
  <testcase classname="eidsa.EidsaTest.Test.SearchFunctionTest" name="formsSearch" time="40.904"/>
  <system-out/>
</testsuite> <!-- eidsa.EidsaTest.Test.SearchFunctionTest -->
