<?xml version="1.0" encoding="UTF-8"?>
<!-- Generated by org.testng.reporters.JUnitReportReporter -->
<testsuite hostname="DM-DT16" failures="0" tests="2" name="eidsa.EidsaTest.Test.FormsTest" time="47.008" errors="0" timestamp="2023-02-21T17:48:59 IST" skipped="0">
  <testcase classname="eidsa.EidsaTest.Test.FormsTest" name="FormReviewTest" time="17.307"/>
  <system-out/>
  <testcase classname="eidsa.EidsaTest.Test.FormsTest" name="verifyForms" time="29.701"/>
  <system-out/>
</testsuite> <!-- eidsa.EidsaTest.Test.FormsTest -->
