<?xml version="1.0" encoding="UTF-8"?>
<!-- Generated by org.testng.reporters.JUnitReportReporter -->
<testsuite hostname="DM-DT16" failures="0" tests="1" name="eidsa.EidsaTest.Test.CreateStudyTest" time="44.296" errors="0" timestamp="2023-02-27T13:15:45 IST" skipped="0">
  <testcase classname="eidsa.EidsaTest.Test.CreateStudyTest" name="AddSub" time="44.296"/>
  <system-out/>
</testsuite> <!-- eidsa.EidsaTest.Test.CreateStudyTest -->
