<?xml version="1.0" encoding="UTF-8"?>
<!-- Generated by org.testng.reporters.JUnitReportReporter -->
<testsuite hostname="DM-DT16" failures="0" tests="1" name="eidsa.EidsaTest.Test.SearchFunctionTest" time="37.355" errors="0" timestamp="2023-02-23T13:10:14 IST" skipped="0">
  <testcase classname="eidsa.EidsaTest.Test.SearchFunctionTest" name="formsSearch" time="37.355"/>
  <system-out/>
</testsuite> <!-- eidsa.EidsaTest.Test.SearchFunctionTest -->
