<?xml version="1.0" encoding="UTF-8"?>
<!-- Generated by org.testng.reporters.JUnitReportReporter -->
<testsuite hostname="DM-DT16" failures="0" tests="1" name="eidsa.EidsaTest.Test.SubmitFormTest" time="22.734" errors="0" timestamp="2023-02-23T16:59:25 IST" skipped="0">
  <testcase classname="eidsa.EidsaTest.Test.SubmitFormTest" name="submitForm" time="22.734"/>
  <system-out/>
</testsuite> <!-- eidsa.EidsaTest.Test.SubmitFormTest -->
