<?xml version="1.0" encoding="UTF-8"?>
<!-- Generated by org.testng.reporters.JUnitReportReporter -->
<testsuite hostname="DM-DT16" failures="0" tests="1" name="eidsa.EidsaTest.Test.ErrorValidationTest" time="16.927" errors="0" timestamp="2023-02-27T14:34:07 IST" skipped="0">
  <testcase classname="eidsa.EidsaTest.Test.ErrorValidationTest" name="loginErrorValidation" time="16.927"/>
  <system-out/>
</testsuite> <!-- eidsa.EidsaTest.Test.ErrorValidationTest -->
