<?xml version="1.0" encoding="UTF-8"?>
<!-- Generated by org.testng.reporters.JUnitReportReporter -->
<testsuite hostname="DM-DT16" failures="0" tests="4" name="eidsa.EidsaTest.Test.SearchFunctionTest" time="112.538" errors="0" timestamp="2023-02-21T17:48:59 IST" skipped="0">
  <testcase classname="eidsa.EidsaTest.Test.SearchFunctionTest" name="formsSearch" time="34.503"/>
  <system-out/>
  <testcase classname="eidsa.EidsaTest.Test.SearchFunctionTest" name="subjectSearch" time="31.122"/>
  <system-out/>
  <testcase classname="eidsa.EidsaTest.Test.SearchFunctionTest" name="studySearch" time="23.111"/>
  <system-out/>
  <testcase classname="eidsa.EidsaTest.Test.SearchFunctionTest" name="siteSearch" time="23.802"/>
  <system-out/>
</testsuite> <!-- eidsa.EidsaTest.Test.SearchFunctionTest -->
