<?xml version="1.0" encoding="UTF-8"?>
<!-- Generated by org.testng.reporters.JUnitReportReporter -->
<testsuite hostname="DM-DT16" failures="0" tests="7" name="eidsa.EidsaTest.Test.ErrorValidationTest" time="112.049" errors="0" timestamp="2023-03-02T10:20:10 IST" skipped="0">
  <testcase classname="eidsa.EidsaTest.Test.ErrorValidationTest" name="loginErrorValidation" time="9.161"/>
  <system-out/>
  <testcase classname="eidsa.EidsaTest.Test.ErrorValidationTest" name="studyFieldValidation" time="22.061"/>
  <system-out/>
  <testcase classname="eidsa.EidsaTest.Test.ErrorValidationTest" name="siteFieldValidation" time="9.704"/>
  <system-out/>
  <testcase classname="eidsa.EidsaTest.Test.ErrorValidationTest" name="subjectFieldValidation" time="15.154"/>
  <system-out/>
  <testcase classname="eidsa.EidsaTest.Test.ErrorValidationTest" name="duplicateStudyValidation" time="25.134"/>
  <system-out/>
  <testcase classname="eidsa.EidsaTest.Test.ErrorValidationTest" name="duplicateSiteValidation" time="12.572"/>
  <system-out/>
  <testcase classname="eidsa.EidsaTest.Test.ErrorValidationTest" name="duplicateSubValidation" time="18.263"/>
  <system-out/>
</testsuite> <!-- eidsa.EidsaTest.Test.ErrorValidationTest -->
